
  ___  ____  ____  ____  ____ ®
 /__    /   ____/   /   ____/      StataNow 19.5
___/   /   /___/   /   /___/       SE—Standard Edition

 Statistics and Data Science       Copyright 1985-2025 StataCorp LLC
                                   StataCorp
                                   4905 Lakeway Drive
                                   College Station, Texas 77845 USA
                                   800-782-8272        https://www.stata.com
                                   979-696-4600        service@stata.com

Stata license: Unlimited-user network, expiring  9 May 2026
Serial number: 401909305345
  Licensed to: Ghosh, Pallab K.
               University of Oklahoma

Notes:
      1. Stata is running in batch mode.
      2. Unicode is supported; see help unicode_advice.
      3. Maximum number of variables is set to 5,000 but can be increased;
          see help set_maxvar.

. do /tmp/check_vars.do 

. clear all

. use "/Users/pallab.ghosh/Documents/GitHub/Arab-Spring-Consequences/Data/model
> _data/Combined_DHS_2005_2008_2014.dta", clear

. describe, short

Contains data from /Users/pallab.ghosh/Documents/GitHub/Arab-Spring-Consequence
> s/Data/model_data/Combined_DHS_2005_2008_2014.dta
 Observations:        40,571                  
    Variables:           145                  27 Nov 2024 11:28
Sorted by: 

. ds *contracep* *v312* *contra*
variable *contracep* not found
r(111);

end of do-file
r(111);
